<?xml version="1.0" encoding="UTF-8"?>
<testsuite name="caterpillar.exercise.AppTest" tests="1" skipped="0" failures="0" errors="0" timestamp="2019-08-07T04:34:17" hostname="MSI" time="0.135">
  <properties/>
  <testcase name="application has a greeting" classname="caterpillar.exercise.AppTest" time="0.135"/>
  <system-out><![CDATA[]]></system-out>
  <system-err><![CDATA[]]></system-err>
</testsuite>
